C:\OPENCV\APPS\HAARTRAINING\DEBUG\TRAINCASCADE.EXE
C:\OPENCV\APPS\HAARTRAINING\DEBUG\TRAINCASCADE.PDB
C:\OPENCV\APPS\TRAINCASCADE\DEBUG\BOOST.OBJ
C:\OPENCV\APPS\TRAINCASCADE\DEBUG\CASCADECLASSIFIER.OBJ
C:\opencv\apps\traincascade\Debug\cl.command.1.tlog
C:\opencv\apps\traincascade\Debug\CL.read.1.tlog
C:\opencv\apps\traincascade\Debug\CL.write.1.tlog
C:\OPENCV\APPS\TRAINCASCADE\DEBUG\FEATURES.OBJ
C:\OPENCV\APPS\TRAINCASCADE\DEBUG\HAARFEATURES.OBJ
C:\OPENCV\APPS\TRAINCASCADE\DEBUG\HOGFEATURES.OBJ
C:\OPENCV\APPS\TRAINCASCADE\DEBUG\IMAGESTORAGE.OBJ
C:\OPENCV\APPS\TRAINCASCADE\DEBUG\LBPFEATURES.OBJ
C:\opencv\apps\traincascade\Debug\link.command.1.tlog
C:\opencv\apps\traincascade\Debug\link.read.1.tlog
C:\opencv\apps\traincascade\Debug\link.write.1.tlog
C:\opencv\apps\traincascade\Debug\mt.command.1.tlog
C:\opencv\apps\traincascade\Debug\mt.read.1.tlog
C:\opencv\apps\traincascade\Debug\mt.write.1.tlog
C:\opencv\apps\traincascade\Debug\rc.command.1.tlog
C:\opencv\apps\traincascade\Debug\rc.read.1.tlog
C:\opencv\apps\traincascade\Debug\rc.write.1.tlog
C:\OPENCV\APPS\TRAINCASCADE\DEBUG\TRAINCASCADE.EXE
C:\opencv\apps\traincascade\Debug\traincascade.exe.embed.manifest
C:\OPENCV\APPS\TRAINCASCADE\DEBUG\TRAINCASCADE.EXE.EMBED.MANIFEST.RES
C:\OPENCV\APPS\TRAINCASCADE\DEBUG\TRAINCASCADE.EXE.INTERMEDIATE.MANIFEST
C:\OPENCV\APPS\TRAINCASCADE\DEBUG\TRAINCASCADE.OBJ
C:\OPENCV\APPS\TRAINCASCADE\DEBUG\TRAINCASCADE.PDB
C:\opencv\apps\traincascade\Debug\traincascade.vcxprojResolveAssemblyReference.cache
C:\opencv\apps\traincascade\Debug\traincascade.write.1.tlog
C:\opencv\apps\traincascade\Debug\traincascade_manifest.rc
C:\opencv\apps\traincascade\Debug\vc100.idb
C:\OPENCV\APPS\TRAINCASCADE\DEBUG\VC100.PDB
